<?xml version="1.0" encoding="UTF-8"?>
<!-- Generated by org.testng.reporters.JUnitReportReporter -->
<testsuite hostname="Vinodh" name="com.test.GitHubTest" tests="5" failures="0" timestamp="12 Jan 2017 18:23:27 GMT" time="0.035" errors="0">
  <testcase name="testgetUser" time="0.005" classname="com.test.GitHubTest"/>
  <testcase name="testLogin" time="0.005" classname="com.test.GitHubTest"/>
  <testcase name="testgetblog" time="0.002" classname="com.test.GitHubTest"/>
  <testcase name="testStatusCode" time="0.002" classname="com.test.GitHubTest"/>
  <testcase name="testHeaders" time="0.021" classname="com.test.GitHubTest"/>
</testsuite> <!-- com.test.GitHubTest -->
