<?xml version="1.0" encoding="UTF-8"?>
<!-- Generated by org.testng.reporters.JUnitReportReporter -->
<testsuite hostname="Vinodh" name="com.test.TwitterTest" tests="1" failures="0" timestamp="12 Jan 2017 18:23:27 GMT" time="0.002" errors="0">
  <testcase name="testStatusCode" time="0.002" classname="com.test.TwitterTest"/>
</testsuite> <!-- com.test.TwitterTest -->
